2023.10.17 15:21:56 INFO  Started: Metals version 1.0.1 in folders '/home/hermandi/Schreibtisch/hochschule/AIN3.1/SEng/Connect4' for client Visual Studio Code 1.77.0.
Okt. 17, 2023 3:21:56 PM org.flywaydb.core.internal.license.VersionPrinter printVersionOnly
INFO: Flyway Community Edition 9.21.2 by Redgate
Okt. 17, 2023 3:21:56 PM org.flywaydb.core.internal.license.VersionPrinter printVersion
INFO: See release notes here: https://rd.gt/416ObMi
Okt. 17, 2023 3:21:56 PM org.flywaydb.core.internal.license.VersionPrinter printVersion
INFO: 
Okt. 17, 2023 3:21:57 PM org.flywaydb.core.FlywayExecutor execute
INFO: Database: jdbc:h2:file:/home/hermandi/Schreibtisch/hochschule/AIN3.1/SEng/Connect4/.metals/metals (H2 2.1)
Okt. 17, 2023 3:21:57 PM org.flywaydb.core.internal.schemahistory.JdbcTableSchemaHistory allAppliedMigrations
INFO: Schema history table "PUBLIC"."flyway_schema_history" does not exist yet
Okt. 17, 2023 3:21:57 PM org.flywaydb.core.internal.command.DbValidate validate
INFO: Successfully validated 4 migrations (execution time 00:00.032s)
Okt. 17, 2023 3:21:57 PM org.flywaydb.core.internal.schemahistory.JdbcTableSchemaHistory create
INFO: Creating Schema History table "PUBLIC"."flyway_schema_history" ...
Okt. 17, 2023 3:21:57 PM org.flywaydb.core.internal.command.DbMigrate migrateGroup
INFO: Current version of schema "PUBLIC": << Empty Schema >>
Okt. 17, 2023 3:21:57 PM org.flywaydb.core.internal.command.DbMigrate doMigrateGroup
INFO: Migrating schema "PUBLIC" to version "1 - Create tables"
Okt. 17, 2023 3:21:57 PM org.flywaydb.core.internal.command.DbMigrate doMigrateGroup
INFO: Migrating schema "PUBLIC" to version "2 - Server discovery"
Okt. 17, 2023 3:21:57 PM org.flywaydb.core.internal.command.DbMigrate doMigrateGroup
INFO: Migrating schema "PUBLIC" to version "3 - Jar symbols"
Okt. 17, 2023 3:21:57 PM org.flywaydb.core.internal.command.DbMigrate doMigrateGroup
INFO: Migrating schema "PUBLIC" to version "4 - Fingerprints"
Okt. 17, 2023 3:21:57 PM org.flywaydb.core.internal.command.DbMigrate logSummary
INFO: Successfully applied 4 migrations to schema "PUBLIC", now at version v4 (execution time 00:00.042s)
2023.10.17 15:21:57 INFO  time: initialize in 1.09s
2023.10.17 15:22:00 WARN  Build server is not auto-connectable.
2023.10.17 15:22:00 WARN  no build tool detected in workspace '/home/hermandi/Schreibtisch/hochschule/AIN3.1/SEng/Connect4'. The most common cause for this problem is that the editor was opened in the wrong working directory, for example if you use sbt then the workspace directory should contain build.sbt. 
2023.10.17 15:27:51 INFO  
2023.10.17 15:27:51 INFO  Template applied in /home/hermandi/Schreibtisch/hochschule/AIN3.1/SEng/Connect4/./connectfour
2023.10.17 15:27:51 INFO  
2023.10.17 15:27:51 INFO  time: ran 'giter8.Giter8' in 2.62s
2023.10.17 15:27:57 INFO  Shutting down server
2023.10.17 15:27:57 INFO  shutting down Metals
2023.10.17 15:27:57 INFO  Exiting server
2023.10.19 21:21:27 INFO  Started: Metals version 1.1.0 in folders '/home/hermandi/Schreibtisch/hochschule/AIN3.1/SEng/ConnectFour' for client Visual Studio Code 1.77.0.
2023.10.19 21:21:28 WARN  Unsupported sbt version 0.13.16
2023.10.19 21:21:28 ERROR Unexpected error initializing server: 
scala.concurrent.Future$$anon$2: Future.filter predicate is not satisfied

Okt. 19, 2023 9:21:51 PM org.eclipse.lsp4j.jsonrpc.services.GenericEndpoint notify
INFO: Unsupported notification method: $/setTrace
